

*******************************************************************************
Sat Apr  6 16:26:18 2024


FIT:    data read from DATOS
        format = z
        #datapoints = 15
        residuals are weighted equally (unit weight)

function used for fitting: f(x)
	f(x)=a*x*x
fitted parameters initialized with current variable values

iter      chisq       delta/lim  lambda   a            
   0 7.6861431878e+16   0.00e+00  7.16e+07    1.000000e+00
   5 5.5763421800e-03  -4.82e-10  7.16e+02    1.146716e-08

After 5 iterations the fit converged.
final sum of squares of residuals : 0.00557634
rel. change during last iteration : -4.82184e-15

degrees of freedom    (FIT_NDF)                        : 14
rms of residuals      (FIT_STDFIT) = sqrt(WSSR/ndf)    : 0.0199577
variance of residuals (reduced chisquare) = WSSR/ndf   : 0.00039831

Final set of parameters            Asymptotic Standard Error
=======================            ==========================
a               = 1.14672e-08      +/- 7.199e-11    (0.6278%)
