

*******************************************************************************
Tue Mar 12 23:24:38 2024


FIT:    data read from DATOS
        format = z
        #datapoints = 20
        residuals are weighted equally (unit weight)

function used for fitting: f(x)
	f(x)=a*x*x
fitted parameters initialized with current variable values

iter      chisq       delta/lim  lambda   a            
   0 7.6430678993e+21   0.00e+00  1.95e+10    1.000000e+00
   5 8.8955209004e-03  -3.04e-06  1.95e+05    6.802082e-11

After 5 iterations the fit converged.
final sum of squares of residuals : 0.00889552
rel. change during last iteration : -3.04184e-11

degrees of freedom    (FIT_NDF)                        : 19
rms of residuals      (FIT_STDFIT) = sqrt(WSSR/ndf)    : 0.0216376
variance of residuals (reduced chisquare) = WSSR/ndf   : 0.000468185

Final set of parameters            Asymptotic Standard Error
=======================            ==========================
a               = 6.80208e-11      +/- 2.475e-13    (0.3639%)
