

*******************************************************************************
Tue Mar 12 23:22:23 2024


FIT:    data read from DATOS
        format = z
        #datapoints = 20
        residuals are weighted equally (unit weight)

function used for fitting: f(x)
	f(x)=a*x*log(b*x)
fitted parameters initialized with current variable values

iter      chisq       delta/lim  lambda   a             b            
   0 4.2120805979e+13   0.00e+00  1.03e+06    1.000000e+00   1.000000e+00
   4 1.6999532231e+00  -1.12e-03  1.03e+02    9.005101e-07   9.186770e-01

After 4 iterations the fit converged.
final sum of squares of residuals : 1.69995
rel. change during last iteration : -1.11631e-08

degrees of freedom    (FIT_NDF)                        : 18
rms of residuals      (FIT_STDFIT) = sqrt(WSSR/ndf)    : 0.307314
variance of residuals (reduced chisquare) = WSSR/ndf   : 0.0944418

Final set of parameters            Asymptotic Standard Error
=======================            ==========================
a               = 9.0051e-07       +/- 1.697e-06    (188.4%)
b               = 0.918677         +/- 20.48        (2230%)

correlation matrix of the fit parameters:
                a      b      
a               1.000 
b              -1.000  1.000 
