

*******************************************************************************
Tue Mar 12 23:22:23 2024


FIT:    data read from DATOS
        format = z
        #datapoints = 25
        residuals are weighted equally (unit weight)

function used for fitting: f(x)
	f(x)=a*x*log(b*x)
fitted parameters initialized with current variable values

iter      chisq       delta/lim  lambda   a             b            
   0 2.6033979291e+15   0.00e+00  7.23e+06    1.000000e+00   1.000000e+00
   5 1.1359738910e-03  -5.26e-07  7.23e+01    1.877880e-08   9.289842e-01

After 5 iterations the fit converged.
final sum of squares of residuals : 0.00113597
rel. change during last iteration : -5.2648e-12

degrees of freedom    (FIT_NDF)                        : 23
rms of residuals      (FIT_STDFIT) = sqrt(WSSR/ndf)    : 0.00702781
variance of residuals (reduced chisquare) = WSSR/ndf   : 4.93902e-05

Final set of parameters            Asymptotic Standard Error
=======================            ==========================
a               = 1.87788e-08      +/- 5.677e-09    (30.23%)
b               = 0.928984         +/- 3.837        (413%)

correlation matrix of the fit parameters:
                a      b      
a               1.000 
b              -1.000  1.000 
