

*******************************************************************************
Tue Mar 12 23:22:23 2024


FIT:    data read from DATOS
        format = z
        #datapoints = 25
        residuals are weighted equally (unit weight)

function used for fitting: f(x)
	f(x)=a*x*log(b*x)
fitted parameters initialized with current variable values

iter      chisq       delta/lim  lambda   a             b            
   0 2.6033979300e+15   0.00e+00  7.23e+06    1.000000e+00   1.000000e+00
   5 1.2795401189e-03  -7.09e-07  7.23e+01    1.859539e-08   9.289842e-01

After 5 iterations the fit converged.
final sum of squares of residuals : 0.00127954
rel. change during last iteration : -7.09238e-12

degrees of freedom    (FIT_NDF)                        : 23
rms of residuals      (FIT_STDFIT) = sqrt(WSSR/ndf)    : 0.0074587
variance of residuals (reduced chisquare) = WSSR/ndf   : 5.56322e-05

Final set of parameters            Asymptotic Standard Error
=======================            ==========================
a               = 1.85954e-08      +/- 6.025e-09    (32.4%)
b               = 0.928984         +/- 4.112        (442.7%)

correlation matrix of the fit parameters:
                a      b      
a               1.000 
b              -1.000  1.000 
