

*******************************************************************************
Mon Apr 29 22:19:40 2024


FIT:    data read from DATOS
        format = z
        #datapoints = 36
        residuals are weighted equally (unit weight)

function used for fitting: f(x)
	f(x)=a*n*log(n)
fitted parameters initialized with current variable values



*******************************************************************************
Mon Apr 29 22:20:07 2024


FIT:    data read from DATOS
        format = z
        #datapoints = 36
        residuals are weighted equally (unit weight)

function used for fitting: f(x)
	f(x)=a*x*log(x)
fitted parameters initialized with current variable values

iter      chisq       delta/lim  lambda   a            
   0 2.2362560812e+15   0.00e+00  7.88e+06    1.000000e+00
   5 2.0111958940e-02  -1.73e-11  7.88e+01    5.170608e-08

After 5 iterations the fit converged.
final sum of squares of residuals : 0.020112
rel. change during last iteration : -1.72507e-16

degrees of freedom    (FIT_NDF)                        : 35
rms of residuals      (FIT_STDFIT) = sqrt(WSSR/ndf)    : 0.0239714
variance of residuals (reduced chisquare) = WSSR/ndf   : 0.000574627

Final set of parameters            Asymptotic Standard Error
=======================            ==========================
a               = 5.17061e-08      +/- 5.069e-10    (0.9804%)


*******************************************************************************
Mon Apr 29 22:23:31 2024


FIT:    data read from DATOS
        format = z
        #datapoints = 36
        residuals are weighted equally (unit weight)

function used for fitting: f(x)
	f(x)=a*x*log(x)
fitted parameters initialized with current variable values

iter      chisq       delta/lim  lambda   a            
   0 2.2362560812e+15   0.00e+00  7.88e+06    1.000000e+00
   5 2.0111958940e-02  -1.73e-11  7.88e+01    5.170608e-08

After 5 iterations the fit converged.
final sum of squares of residuals : 0.020112
rel. change during last iteration : -1.72507e-16

degrees of freedom    (FIT_NDF)                        : 35
rms of residuals      (FIT_STDFIT) = sqrt(WSSR/ndf)    : 0.0239714
variance of residuals (reduced chisquare) = WSSR/ndf   : 0.000574627

Final set of parameters            Asymptotic Standard Error
=======================            ==========================
a               = 5.17061e-08      +/- 5.069e-10    (0.9804%)
