

*******************************************************************************
Tue Mar 12 23:22:23 2024


FIT:    data read from DATOS
        format = z
        #datapoints = 25
        residuals are weighted equally (unit weight)

function used for fitting: f(x)
	f(x)=a*x*log(b*x)
fitted parameters initialized with current variable values

iter      chisq       delta/lim  lambda   a             b            
   0 2.6033979266e+15   0.00e+00  7.23e+06    1.000000e+00   1.000000e+00
   5 3.4916464947e-03  -5.42e-08  7.23e+01    1.926027e-08   9.289842e-01

After 5 iterations the fit converged.
final sum of squares of residuals : 0.00349165
rel. change during last iteration : -5.42156e-13

degrees of freedom    (FIT_NDF)                        : 23
rms of residuals      (FIT_STDFIT) = sqrt(WSSR/ndf)    : 0.0123211
variance of residuals (reduced chisquare) = WSSR/ndf   : 0.000151811

Final set of parameters            Asymptotic Standard Error
=======================            ==========================
a               = 1.92603e-08      +/- 9.953e-09    (51.68%)
b               = 0.928984         +/- 6.559        (706%)

correlation matrix of the fit parameters:
                a      b      
a               1.000 
b              -1.000  1.000 
