

*******************************************************************************
Tue Mar 12 23:22:23 2024


FIT:    data read from DATOS
        format = z
        #datapoints = 20
        residuals are weighted equally (unit weight)

function used for fitting: f(x)
	f(x)=a*x*log(b*x)
fitted parameters initialized with current variable values

iter      chisq       delta/lim  lambda   a             b            
   0 4.2120871590e+13   0.00e+00  1.03e+06    1.000000e+00   1.000000e+00
   4 5.3296407549e-03  -3.44e-01  1.03e+02    1.160465e-07   9.186770e-01

After 4 iterations the fit converged.
final sum of squares of residuals : 0.00532964
rel. change during last iteration : -3.43608e-06

degrees of freedom    (FIT_NDF)                        : 18
rms of residuals      (FIT_STDFIT) = sqrt(WSSR/ndf)    : 0.0172073
variance of residuals (reduced chisquare) = WSSR/ndf   : 0.000296091

Final set of parameters            Asymptotic Standard Error
=======================            ==========================
a               = 1.16046e-07      +/- 9.499e-08    (81.86%)
b               = 0.918677         +/- 8.899        (968.7%)

correlation matrix of the fit parameters:
                a      b      
a               1.000 
b              -1.000  1.000 
