

*******************************************************************************
Tue Mar 12 23:22:22 2024


FIT:    data read from DATOS
        format = z
        #datapoints = 25
        residuals are weighted equally (unit weight)

function used for fitting: f(x)
	f(x)=a*x*log(b*x)
fitted parameters initialized with current variable values

iter      chisq       delta/lim  lambda   a             b            
   0 2.6033979391e+15   0.00e+00  7.23e+06    1.000000e+00   1.000000e+00
   5 3.5955134132e-03  -2.38e-09  7.23e+01    1.685299e-08   9.289842e-01

After 5 iterations the fit converged.
final sum of squares of residuals : 0.00359551
rel. change during last iteration : -2.37616e-14

degrees of freedom    (FIT_NDF)                        : 23
rms of residuals      (FIT_STDFIT) = sqrt(WSSR/ndf)    : 0.0125031
variance of residuals (reduced chisquare) = WSSR/ndf   : 0.000156327

Final set of parameters            Asymptotic Standard Error
=======================            ==========================
a               = 1.6853e-08       +/- 1.01e-08     (59.93%)
b               = 0.928984         +/- 7.607        (818.8%)

correlation matrix of the fit parameters:
                a      b      
a               1.000 
b              -1.000  1.000 
